[ 2016-04-04T10:36:23+08:00 ] ::1 /blog/index.php?g=Admin&m=public&a=dologin
INFO: [ app_begin ] --START--
INFO: Run Behavior\ReadHtmlCacheBehavior [ RunTime:0.000000s ]
INFO: Run Behavior\CheckLangBehavior [ RunTime:0.000000s ]
INFO: [ app_begin ] --END-- [ RunTime:0.001000s ]
SQL: SHOW COLUMNS FROM `blog_users` [ RunTime:0.0100s ]
SQL: SELECT * FROM `blog_users` WHERE `user_login` = 'admin' LIMIT 1   [ RunTime:0.0020s ]
SQL: SHOW COLUMNS FROM `blog_role_user` [ RunTime:0.0310s ]
SQL: SELECT `role_id` FROM blog_role_user a INNER JOIN blog_role as b on a.role_id =b.id  WHERE `user_id` = '1' AND `status` = 1  [ RunTime:0.0050s ]
SQL: UPDATE `blog_users` SET `user_login`='admin',`user_pass`='###380aaa3a8d397b7aa52d23d40ff5dfcb',`user_nicename`='admin',`user_email`='791458703@qq.com',`user_url`='',`avatar`=NULL,`sex`='0',`birthday`=NULL,`signature`=NULL,`last_login_ip`='0.0.0.0',`last_login_time`='2016-04-04 10:36:23',`create_time`='2016-04-03 03:54:06',`user_activation_key`='',`user_status`='1',`score`='0',`user_type`='1',`coin`='0',`mobile`='' WHERE `id` = '1' [ RunTime:0.0010s ]

[ 2016-04-04T12:03:49+08:00 ] ::1 /blog/index.php?g=Admin&m=public&a=dologin
INFO: [ app_begin ] --START--
INFO: Run Behavior\ReadHtmlCacheBehavior [ RunTime:0.000000s ]
INFO: Run Behavior\CheckLangBehavior [ RunTime:0.001000s ]
INFO: [ app_begin ] --END-- [ RunTime:0.002000s ]
SQL: SHOW COLUMNS FROM `blog_users` [ RunTime:0.0110s ]
SQL: SELECT * FROM `blog_users` WHERE `user_login` = 'admin' LIMIT 1   [ RunTime:0.0020s ]
SQL: SHOW COLUMNS FROM `blog_role_user` [ RunTime:0.0100s ]
SQL: SELECT `role_id` FROM blog_role_user a INNER JOIN blog_role as b on a.role_id =b.id  WHERE `user_id` = '1' AND `status` = 1  [ RunTime:0.0010s ]
SQL: UPDATE `blog_users` SET `user_login`='admin',`user_pass`='###380aaa3a8d397b7aa52d23d40ff5dfcb',`user_nicename`='admin',`user_email`='791458703@qq.com',`user_url`='',`avatar`=NULL,`sex`='0',`birthday`=NULL,`signature`=NULL,`last_login_ip`='0.0.0.0',`last_login_time`='2016-04-04 12:03:49',`create_time`='2016-04-03 03:54:06',`user_activation_key`='',`user_status`='1',`score`='0',`user_type`='1',`coin`='0',`mobile`='' WHERE `id` = '1' [ RunTime:0.0010s ]

